This is pdfTeX, Version 3.141592653-2.6-1.40.24 (MiKTeX 22.3) (preloaded format=pdflatex 2022.3.21)  31 MAR 2022 12:33
entering extended mode
 restricted \write18 enabled.
 %&-line parsing enabled.
**./First_version_new_temp.tex
(First_version_new_temp.tex
LaTeX2e <2021-11-15> patch level 1
L3 programming layer <2022-02-24> (elsarticle.cls
Document Class: elsarticle 2008/05/22, 1.0.1: Elsevier Science
\@bls=\dimen138
(C:\Users\alex7\AppData\Local\Programs\MiKTeX\tex/latex/base\article.cls
Document Class: article 2021/10/04 v1.4n Standard LaTeX document class
(C:\Users\alex7\AppData\Local\Programs\MiKTeX\tex/latex/base\size10.clo
File: size10.clo 2021/10/04 v1.4n Standard LaTeX file (size option)
)
\c@part=\count185
\c@section=\count186
\c@subsection=\count187
\c@subsubsection=\count188
\c@paragraph=\count189
\c@subparagraph=\count190
\c@figure=\count191
\c@table=\count192
\abovecaptionskip=\skip47
\belowcaptionskip=\skip48
\bibindent=\dimen139
) (C:\Users\alex7\AppData\Local\Programs\MiKTeX\tex/latex/graphics\graphicx.sty
Package: graphicx 2021/09/16 v1.2d Enhanced LaTeX Graphics (DPC,SPQR)
(C:\Users\alex7\AppData\Local\Programs\MiKTeX\tex/latex/graphics\keyval.sty
Package: keyval 2014/10/28 v1.15 key=value parser (DPC)
\KV@toks@=\toks16
) (C:\Users\alex7\AppData\Local\Programs\MiKTeX\tex/latex/graphics\graphics.sty
Package: graphics 2021/03/04 v1.4d Standard LaTeX Graphics (DPC,SPQR)
(C:\Users\alex7\AppData\Local\Programs\MiKTeX\tex/latex/graphics\trig.sty
Package: trig 2021/08/11 v1.11 sin cos tan (DPC)
)
(C:\Users\alex7\AppData\Local\Programs\MiKTeX\tex/latex/graphics-cfg\graphics.c
fg
File: graphics.cfg 2016/06/04 v1.11 sample graphics configuration
)
Package graphics Info: Driver file: pdftex.def on input line 107.

(C:\Users\alex7\AppData\Local\Programs\MiKTeX\tex/latex/graphics-def\pdftex.def
File: pdftex.def 2020/10/05 v1.2a Graphics/color driver for pdftex
))
\Gin@req@height=\dimen140
\Gin@req@width=\dimen141
) (C:\Users\alex7\AppData\Local\Programs\MiKTeX\tex/latex/psnfss\pifont.sty
Package: pifont 2020/03/25 PSNFSS-v9.3 Pi font support (SPQR) 
LaTeX Font Info:    Trying to load font information for U+pzd on input line 63.

(C:\Users\alex7\AppData\Local\Programs\MiKTeX\tex/latex/psnfss\upzd.fd
File: upzd.fd 2001/06/04 font definitions for U/pzd.
)
LaTeX Font Info:    Trying to load font information for U+psy on input line 64.

(C:\Users\alex7\AppData\Local\Programs\MiKTeX\tex/latex/psnfss\upsy.fd
File: upsy.fd 2001/06/04 font definitions for U/psy.
))
\c@tnote=\count193
\c@fnote=\count194
\c@cnote=\count195
\c@ead=\count196
\c@author=\count197
\@eadauthor=\toks17
\c@affn=\count198
\absbox=\box50
\keybox=\box51
\Columnwidth=\dimen142
\space@left=\dimen143
\els@boxa=\box52
\els@boxb=\box53
\leftMargin=\dimen144
\@enLab=\toks18
\@sep=\skip49
\@@sep=\skip50
(First_version_new_temp.spl) (C:\Users\alex7\AppData\Local\Programs\MiKTeX\tex/
latex/natbib\natbib.sty
Package: natbib 2010/09/13 8.31b (PWD, AO)
\bibhang=\skip51
\bibsep=\skip52
LaTeX Info: Redefining \cite on input line 694.
\c@NAT@ctr=\count199
)
\splwrite=\write3
\openout3 = `First_version_new_temp.spl'.

) (C:\Users\alex7\AppData\Local\Programs\MiKTeX\tex/latex/url\url.sty
\Urlmuskip=\muskip16
Package: url 2013/09/16  ver 3.4  Verb mode for urls, etc.
) (C:\Users\alex7\AppData\Local\Programs\MiKTeX\tex/latex/lineno\lineno.sty
Package: lineno 2005/11/02 line numbers on paragraphs v4.41
\linenopenalty=\count266
\output=\toks19
\linenoprevgraf=\count267
\linenumbersep=\dimen145
\linenumberwidth=\dimen146
\c@linenumber=\count268
\c@pagewiselinenumber=\count269
\c@LN@truepage=\count270
\c@internallinenumber=\count271
\c@internallinenumbers=\count272
\quotelinenumbersep=\dimen147
\bframerule=\dimen148
\bframesep=\dimen149
\bframebox=\box54
LaTeX Info: Redefining \\ on input line 3056.
) (C:\Users\alex7\AppData\Local\Programs\MiKTeX\tex/latex/base\fontenc.sty
Package: fontenc 2021/04/29 v2.0v Standard LaTeX package
) (C:\Users\alex7\AppData\Local\Programs\MiKTeX\tex/latex/lm\lmodern.sty
Package: lmodern 2009/10/30 v1.6 Latin Modern Fonts
LaTeX Font Info:    Overwriting symbol font `operators' in version `normal'
(Font)                  OT1/cmr/m/n --> OT1/lmr/m/n on input line 22.
LaTeX Font Info:    Overwriting symbol font `letters' in version `normal'
(Font)                  OML/cmm/m/it --> OML/lmm/m/it on input line 23.
LaTeX Font Info:    Overwriting symbol font `symbols' in version `normal'
(Font)                  OMS/cmsy/m/n --> OMS/lmsy/m/n on input line 24.
LaTeX Font Info:    Overwriting symbol font `largesymbols' in version `normal'
(Font)                  OMX/cmex/m/n --> OMX/lmex/m/n on input line 25.
LaTeX Font Info:    Overwriting symbol font `operators' in version `bold'
(Font)                  OT1/cmr/bx/n --> OT1/lmr/bx/n on input line 26.
LaTeX Font Info:    Overwriting symbol font `letters' in version `bold'
(Font)                  OML/cmm/b/it --> OML/lmm/b/it on input line 27.
LaTeX Font Info:    Overwriting symbol font `symbols' in version `bold'
(Font)                  OMS/cmsy/b/n --> OMS/lmsy/b/n on input line 28.
LaTeX Font Info:    Overwriting symbol font `largesymbols' in version `bold'
(Font)                  OMX/cmex/m/n --> OMX/lmex/m/n on input line 29.
LaTeX Font Info:    Overwriting math alphabet `\mathbf' in version `normal'
(Font)                  OT1/cmr/bx/n --> OT1/lmr/bx/n on input line 31.
LaTeX Font Info:    Overwriting math alphabet `\mathsf' in version `normal'
(Font)                  OT1/cmss/m/n --> OT1/lmss/m/n on input line 32.
LaTeX Font Info:    Overwriting math alphabet `\mathit' in version `normal'
(Font)                  OT1/cmr/m/it --> OT1/lmr/m/it on input line 33.
LaTeX Font Info:    Overwriting math alphabet `\mathtt' in version `normal'
(Font)                  OT1/cmtt/m/n --> OT1/lmtt/m/n on input line 34.
LaTeX Font Info:    Overwriting math alphabet `\mathbf' in version `bold'
(Font)                  OT1/cmr/bx/n --> OT1/lmr/bx/n on input line 35.
LaTeX Font Info:    Overwriting math alphabet `\mathsf' in version `bold'
(Font)                  OT1/cmss/bx/n --> OT1/lmss/bx/n on input line 36.
LaTeX Font Info:    Overwriting math alphabet `\mathit' in version `bold'
(Font)                  OT1/cmr/bx/it --> OT1/lmr/bx/it on input line 37.
LaTeX Font Info:    Overwriting math alphabet `\mathtt' in version `bold'
(Font)                  OT1/cmtt/m/n --> OT1/lmtt/m/n on input line 38.
) (C:\Users\alex7\AppData\Local\Programs\MiKTeX\tex/latex/amsfonts\amssymb.sty
Package: amssymb 2013/01/14 v3.01 AMS font symbols
(C:\Users\alex7\AppData\Local\Programs\MiKTeX\tex/latex/amsfonts\amsfonts.sty
Package: amsfonts 2013/01/14 v3.01 Basic AMSFonts support
\@emptytoks=\toks20
\symAMSa=\mathgroup4
\symAMSb=\mathgroup5
LaTeX Font Info:    Redeclaring math symbol \hbar on input line 98.
LaTeX Font Info:    Overwriting math alphabet `\mathfrak' in version `bold'
(Font)                  U/euf/m/n --> U/euf/b/n on input line 106.
)) (C:\Users\alex7\AppData\Local\Programs\MiKTeX\tex/latex/amsmath\amsmath.sty
Package: amsmath 2021/10/15 v2.17l AMS math features
\@mathmargin=\skip53
For additional information on amsmath, use the `?' option.
(C:\Users\alex7\AppData\Local\Programs\MiKTeX\tex/latex/amsmath\amstext.sty
Package: amstext 2021/08/26 v2.01 AMS text
(C:\Users\alex7\AppData\Local\Programs\MiKTeX\tex/latex/amsmath\amsgen.sty
File: amsgen.sty 1999/11/30 v2.0 generic functions
\@emptytoks=\toks21
\ex@=\dimen150
)) (C:\Users\alex7\AppData\Local\Programs\MiKTeX\tex/latex/amsmath\amsbsy.sty
Package: amsbsy 1999/11/29 v1.2d Bold Symbols
\pmbraise@=\dimen151
) (C:\Users\alex7\AppData\Local\Programs\MiKTeX\tex/latex/amsmath\amsopn.sty
Package: amsopn 2021/08/26 v2.02 operator names
)
\inf@bad=\count273
LaTeX Info: Redefining \frac on input line 234.
\uproot@=\count274
\leftroot@=\count275
LaTeX Info: Redefining \overline on input line 399.
\classnum@=\count276
\DOTSCASE@=\count277
LaTeX Info: Redefining \ldots on input line 496.
LaTeX Info: Redefining \dots on input line 499.
LaTeX Info: Redefining \cdots on input line 620.
\Mathstrutbox@=\box55
\strutbox@=\box56
\big@size=\dimen152
LaTeX Font Info:    Redeclaring font encoding OML on input line 743.
LaTeX Font Info:    Redeclaring font encoding OMS on input line 744.
\macc@depth=\count278
\c@MaxMatrixCols=\count279
\dotsspace@=\muskip17
\c@parentequation=\count280
\dspbrk@lvl=\count281
\tag@help=\toks22
\row@=\count282
\column@=\count283
\maxfields@=\count284
\andhelp@=\toks23
\eqnshift@=\dimen153
\alignsep@=\dimen154
\tagshift@=\dimen155
\tagwidth@=\dimen156
\totwidth@=\dimen157
\lineht@=\dimen158
\@envbody=\toks24
\multlinegap=\skip54
\multlinetaggap=\skip55
\mathdisplay@stack=\toks25
LaTeX Info: Redefining \[ on input line 2938.
LaTeX Info: Redefining \] on input line 2939.
) (C:\Users\alex7\AppData\Local\Programs\MiKTeX\tex/generic/iftex\ifxetex.sty
Package: ifxetex 2019/10/25 v0.7 ifxetex legacy package. Use iftex instead.
(C:\Users\alex7\AppData\Local\Programs\MiKTeX\tex/generic/iftex\iftex.sty
Package: iftex 2022/02/03 v1.0f TeX engine tests
)) (C:\Users\alex7\AppData\Local\Programs\MiKTeX\tex/generic/iftex\ifluatex.sty
Package: ifluatex 2019/10/25 v1.5 ifluatex legacy package. Use iftex instead.
) (C:\Users\alex7\AppData\Local\Programs\MiKTeX\tex/latex/base\fixltx2e.sty
Package: fixltx2e 2016/12/29 v2.1a fixes to LaTeX (obsolete)
Applying: [2015/01/01] Old fixltx2e package on input line 46.

Package fixltx2e Warning: fixltx2e is not required with releases after 2015
(fixltx2e)                All fixes are now in the LaTeX kernel.
(fixltx2e)                See the latexrelease package for details.

Already applied: [0000/00/00] Old fixltx2e package on input line 53.
) (C:\Users\alex7\AppData\Local\Programs\MiKTeX\tex/latex/upquote\upquote.sty
Package: upquote 2012/04/19 v1.3 upright-quote and grave-accent glyphs in verba
tim
(C:\Users\alex7\AppData\Local\Programs\MiKTeX\tex/latex/base\textcomp.sty
Package: textcomp 2020/02/02 v2.0n Standard LaTeX package
)) (C:\Users\alex7\AppData\Local\Programs\MiKTeX\tex/latex/base\inputenc.sty
Package: inputenc 2021/02/14 v1.3d Input encoding file
\inpenc@prehook=\toks26
\inpenc@posthook=\toks27
)
(C:\Users\alex7\AppData\Local\Programs\MiKTeX\tex/latex/microtype\microtype.sty
Package: microtype 2022/03/14 v3.0d Micro-typographical refinements (RS)
(C:\Users\alex7\AppData\Local\Programs\MiKTeX\tex/latex/etoolbox\etoolbox.sty
Package: etoolbox 2020/10/05 v2.5k e-TeX tools for LaTeX (JAW)
\etb@tempcnta=\count285
)
\MT@toks=\toks28
\MT@tempbox=\box57
\MT@count=\count286
LaTeX Info: Redefining \noprotrusionifhmode on input line 1027.
LaTeX Info: Redefining \leftprotrusion on input line 1028.
LaTeX Info: Redefining \rightprotrusion on input line 1036.
LaTeX Info: Redefining \textls on input line 1195.
\MT@outer@kern=\dimen159
LaTeX Info: Redefining \textmicrotypecontext on input line 1781.
\MT@listname@count=\count287

(C:\Users\alex7\AppData\Local\Programs\MiKTeX\tex/latex/microtype\microtype-pdf
tex.def
File: microtype-pdftex.def 2022/03/14 v3.0d Definitions specific to pdftex (RS)

LaTeX Info: Redefining \lsstyle on input line 900.
LaTeX Info: Redefining \lslig on input line 900.
\MT@outer@space=\skip56
)
Package microtype Info: Loading configuration file microtype.cfg.

(C:\Users\alex7\AppData\Local\Programs\MiKTeX\tex/latex/microtype\microtype.cfg
File: microtype.cfg 2022/03/14 v3.0d microtype main configuration file (RS)
)) (C:\Users\alex7\AppData\Local\Programs\MiKTeX\tex/latex/hyperref\hyperref.st
y
Package: hyperref 2022-02-21 v7.00n Hypertext links for LaTeX
(C:\Users\alex7\AppData\Local\Programs\MiKTeX\tex/generic/ltxcmds\ltxcmds.sty
Package: ltxcmds 2020-05-10 v1.25 LaTeX kernel commands for general use (HO)
)
(C:\Users\alex7\AppData\Local\Programs\MiKTeX\tex/generic/pdftexcmds\pdftexcmds
.sty
Package: pdftexcmds 2020-06-27 v0.33 Utility functions of pdfTeX for LuaTeX (HO
)

(C:\Users\alex7\AppData\Local\Programs\MiKTeX\tex/generic/infwarerr\infwarerr.s
ty
Package: infwarerr 2019/12/03 v1.5 Providing info/warning/error messages (HO)
)
Package pdftexcmds Info: \pdf@primitive is available.
Package pdftexcmds Info: \pdf@ifprimitive is available.
Package pdftexcmds Info: \pdfdraftmode found.
)
(C:\Users\alex7\AppData\Local\Programs\MiKTeX\tex/generic/kvsetkeys\kvsetkeys.s
ty
Package: kvsetkeys 2019/12/15 v1.18 Key value parser (HO)
)
(C:\Users\alex7\AppData\Local\Programs\MiKTeX\tex/generic/kvdefinekeys\kvdefine
keys.sty
Package: kvdefinekeys 2019-12-19 v1.6 Define keys (HO)
)
(C:\Users\alex7\AppData\Local\Programs\MiKTeX\tex/generic/pdfescape\pdfescape.s
ty
Package: pdfescape 2019/12/09 v1.15 Implements pdfTeX's escape features (HO)
) (C:\Users\alex7\AppData\Local\Programs\MiKTeX\tex/latex/hycolor\hycolor.sty
Package: hycolor 2020-01-27 v1.10 Color options for hyperref/bookmark (HO)
)
(C:\Users\alex7\AppData\Local\Programs\MiKTeX\tex/latex/letltxmacro\letltxmacro
.sty
Package: letltxmacro 2019/12/03 v1.6 Let assignment for LaTeX macros (HO)
) (C:\Users\alex7\AppData\Local\Programs\MiKTeX\tex/latex/auxhook\auxhook.sty
Package: auxhook 2019-12-17 v1.6 Hooks for auxiliary files (HO)
)
(C:\Users\alex7\AppData\Local\Programs\MiKTeX\tex/latex/kvoptions\kvoptions.sty
Package: kvoptions 2020-10-07 v3.14 Key value format for package options (HO)
)
\@linkdim=\dimen160
\Hy@linkcounter=\count288
\Hy@pagecounter=\count289
(C:\Users\alex7\AppData\Local\Programs\MiKTeX\tex/latex/hyperref\pd1enc.def
File: pd1enc.def 2022-02-21 v7.00n Hyperref: PDFDocEncoding definition (HO)
Now handling font encoding PD1 ...
... no UTF-8 mapping file for font encoding PD1
) (C:\Users\alex7\AppData\Local\Programs\MiKTeX\tex/generic/intcalc\intcalc.sty
Package: intcalc 2019/12/15 v1.3 Expandable calculations with integers (HO)
)
(C:\Users\alex7\AppData\Local\Programs\MiKTeX\tex/generic/etexcmds\etexcmds.sty
Package: etexcmds 2019/12/15 v1.7 Avoid name clashes with e-TeX commands (HO)
)
\Hy@SavedSpaceFactor=\count290
(C:\Users\alex7\AppData\Local\Programs\MiKTeX\tex/latex/hyperref\puenc.def
File: puenc.def 2022-02-21 v7.00n Hyperref: PDF Unicode definition (HO)
Now handling font encoding PU ...
... no UTF-8 mapping file for font encoding PU
)
Package hyperref Info: Option `unicode' set `true' on input line 4018.
Package hyperref Info: Hyper figures OFF on input line 4137.
Package hyperref Info: Link nesting OFF on input line 4142.
Package hyperref Info: Hyper index ON on input line 4145.
Package hyperref Info: Plain pages OFF on input line 4152.
Package hyperref Info: Backreferencing OFF on input line 4157.
Package hyperref Info: Implicit mode ON; LaTeX internals redefined.
Package hyperref Info: Bookmarks ON on input line 4390.
\c@Hy@tempcnt=\count291
LaTeX Info: Redefining \url on input line 4749.
\XeTeXLinkMargin=\dimen161
(C:\Users\alex7\AppData\Local\Programs\MiKTeX\tex/generic/bitset\bitset.sty
Package: bitset 2019/12/09 v1.3 Handle bit-vector datatype (HO)

(C:\Users\alex7\AppData\Local\Programs\MiKTeX\tex/generic/bigintcalc\bigintcalc
.sty
Package: bigintcalc 2019/12/15 v1.5 Expandable calculations on big integers (HO
)
))
\Fld@menulength=\count292
\Field@Width=\dimen162
\Fld@charsize=\dimen163
Package hyperref Info: Hyper figures OFF on input line 6027.
Package hyperref Info: Link nesting OFF on input line 6032.
Package hyperref Info: Hyper index ON on input line 6035.
Package hyperref Info: backreferencing OFF on input line 6042.
Package hyperref Info: Link coloring OFF on input line 6047.
Package hyperref Info: Link coloring with OCG OFF on input line 6052.
Package hyperref Info: PDF/A mode OFF on input line 6057.
LaTeX Info: Redefining \ref on input line 6097.
LaTeX Info: Redefining \pageref on input line 6101.
(C:\Users\alex7\AppData\Local\Programs\MiKTeX\tex/latex/base\atbegshi-ltx.sty
Package: atbegshi-ltx 2021/01/10 v1.0c Emulation of the original atbegshi
package with kernel methods
)
\Hy@abspage=\count293
\c@Item=\count294
\c@Hfootnote=\count295
)
Package hyperref Info: Driver (autodetected): hpdftex.
(C:\Users\alex7\AppData\Local\Programs\MiKTeX\tex/latex/hyperref\hpdftex.def
File: hpdftex.def 2022-02-21 v7.00n Hyperref driver for pdfTeX
(C:\Users\alex7\AppData\Local\Programs\MiKTeX\tex/latex/base\atveryend-ltx.sty
Package: atveryend-ltx 2020/08/19 v1.0a Emulation of the original atveryend pac
kage
with kernel methods
)
\Fld@listcount=\count296
\c@bookmark@seq@number=\count297

(C:\Users\alex7\AppData\Local\Programs\MiKTeX\tex/latex/rerunfilecheck\rerunfil
echeck.sty
Package: rerunfilecheck 2019/12/05 v1.9 Rerun checks for auxiliary files (HO)

(C:\Users\alex7\AppData\Local\Programs\MiKTeX\tex/generic/uniquecounter\uniquec
ounter.sty
Package: uniquecounter 2019/12/15 v1.4 Provide unlimited unique counter (HO)
)
Package uniquecounter Info: New unique counter `rerunfilecheck' on input line 2
86.
)
\Hy@SectionHShift=\skip57
)
Package hyperref Info: Option `breaklinks' set `true' on input line 48.

Package hyperref Warning: Option `bookmarks' has already been used,
(hyperref)                setting the option has no effect on input line 48.

Package hyperref Info: Option `colorlinks' set `false' on input line 48.
\cslhangindent=\skip58
\csllabelwidth=\skip59
\cslentryspacingunit=\skip60
(C:\Users\alex7\AppData\Local\Programs\MiKTeX\tex/latex/tools\calc.sty
Package: calc 2017/05/25 v4.3 Infix arithmetic (KKT,FJ)
\calc@Acount=\count298
\calc@Bcount=\count299
\calc@Adimen=\dimen164
\calc@Bdimen=\dimen165
\calc@Askip=\skip61
\calc@Bskip=\skip62
LaTeX Info: Redefining \setlength on input line 80.
LaTeX Info: Redefining \addtolength on input line 81.
\calc@Ccount=\count300
\calc@Cskip=\skip63
) (C:\Users\alex7\AppData\Local\Programs\MiKTeX\tex/latex/float\float.sty
Package: float 2001/11/08 v1.3d Float enhancements (AL)
\c@float@type=\count301
\float@exts=\toks29
\float@box=\box58
\@float@everytoks=\toks30
\@floatcapt=\box59
) (C:\Users\alex7\AppData\Local\Programs\MiKTeX\tex/latex/booktabs\booktabs.sty
Package: booktabs 2020/01/12 v1.61803398 Publication quality tables
\heavyrulewidth=\dimen166
\lightrulewidth=\dimen167
\cmidrulewidth=\dimen168
\belowrulesep=\dimen169
\belowbottomsep=\dimen170
\aboverulesep=\dimen171
\abovetopsep=\dimen172
\cmidrulesep=\dimen173
\cmidrulekern=\dimen174
\defaultaddspace=\dimen175
\@cmidla=\count302
\@cmidlb=\count303
\@aboverulesep=\dimen176
\@belowrulesep=\dimen177
\@thisruleclass=\count304
\@lastruleclass=\count305
\@thisrulewidth=\dimen178
) (C:\Users\alex7\AppData\Local\Programs\MiKTeX\tex/latex/tools\longtable.sty
Package: longtable 2021-09-01 v4.17 Multi-page Table package (DPC)
\LTleft=\skip64
\LTright=\skip65
\LTpre=\skip66
\LTpost=\skip67
\LTchunksize=\count306
\LTcapwidth=\dimen179
\LT@head=\box60
\LT@firsthead=\box61
\LT@foot=\box62
\LT@lastfoot=\box63
\LT@gbox=\box64
\LT@cols=\count307
\LT@rows=\count308
\c@LT@tables=\count309
\c@LT@chunks=\count310
\LT@p@ftn=\toks31
) (C:\Users\alex7\AppData\Local\Programs\MiKTeX\tex/latex/tools\array.sty
Package: array 2021/10/04 v2.5f Tabular extension package (FMi)
\col@sep=\dimen180
\ar@mcellbox=\box65
\extrarowheight=\dimen181
\NC@list=\toks32
\extratabsurround=\skip68
\backup@length=\skip69
\ar@cellbox=\box66
) (C:\Users\alex7\AppData\Local\Programs\MiKTeX\tex/latex/multirow\multirow.sty
Package: multirow 2021/03/15 v2.8 Span multiple rows of a table
\multirow@colwidth=\skip70
\multirow@cntb=\count311
\multirow@dima=\skip71
\bigstrutjot=\dimen182
) (C:\Users\alex7\AppData\Local\Programs\MiKTeX\tex/latex/wrapfig\wrapfig.sty
\wrapoverhang=\dimen183
\WF@size=\dimen184
\c@WF@wrappedlines=\count312
\WF@box=\box67
\WF@everypar=\toks33
Package: wrapfig 2003/01/31  v 3.6
) (C:\Users\alex7\AppData\Local\Programs\MiKTeX\tex/latex/colortbl\colortbl.sty
Package: colortbl 2020/01/04 v1.0e Color table columns (DPC)
(C:\Users\alex7\AppData\Local\Programs\MiKTeX\tex/latex/graphics\color.sty
Package: color 2021/12/07 v1.3c Standard LaTeX Color (DPC)
(C:\Users\alex7\AppData\Local\Programs\MiKTeX\tex/latex/graphics-cfg\color.cfg
File: color.cfg 2016/01/02 v1.6 sample color configuration
)
Package color Info: Driver file: pdftex.def on input line 149.
)
\everycr=\toks34
\minrowclearance=\skip72
)
(C:\Users\alex7\AppData\Local\Programs\MiKTeX\tex/latex/pdflscape\pdflscape.sty
Package: pdflscape 2019/12/05 v0.12 Display of landscape pages in PDF (HO)
(C:\Users\alex7\AppData\Local\Programs\MiKTeX\tex/latex/graphics\lscape.sty
Package: lscape 2020/05/28 v3.02 Landscape Pages (DPC)
)
Package pdflscape Info: Auto-detected driver: pdftex on input line 81.
) (C:\Users\alex7\AppData\Local\Programs\MiKTeX\tex/latex/tabu\tabu.sty
Package: tabu 2019/01/11 v2.9 - flexible LaTeX tabulars (FC+tabu-fixed)
(C:\Users\alex7\AppData\Local\Programs\MiKTeX\tex/latex/varwidth\varwidth.sty
Package: varwidth 2009/03/30 ver 0.92;  Variable-width minipages
\@vwid@box=\box68
\sift@deathcycles=\count313
\@vwid@loff=\dimen185
\@vwid@roff=\dimen186
)
\c@taburow=\count314
\tabu@nbcols=\count315
\tabu@cnt=\count316
\tabu@Xcol=\count317
\tabu@alloc=\count318
\tabu@nested=\count319
\tabu@target=\dimen187
\tabu@spreadtarget=\dimen188
\tabu@naturalX=\dimen189
\tabucolX=\dimen190
\tabu@Xsum=\dimen191
\extrarowdepth=\dimen192
\abovetabulinesep=\dimen193
\belowtabulinesep=\dimen194
\tabustrutrule=\dimen195
\tabu@thebody=\toks35
\tabu@footnotes=\toks36
\tabu@box=\box69
\tabu@arstrutbox=\box70
\tabu@hleads=\box71
\tabu@vleads=\box72
\tabu@cellskip=\skip73
)
(C:\Users\alex7\AppData\Local\Programs\MiKTeX\tex/latex/threeparttable\threepar
ttable.sty
Package: threeparttable 2003/06/13  v 3.0
\@tempboxb=\box73
)
(C:\Users\alex7\AppData\Local\Programs\MiKTeX\tex/latex/threeparttablex\threepa
rttablex.sty
Package: threeparttablex 2013/07/23 v0.3 by daleif
(C:\Users\alex7\AppData\Local\Programs\MiKTeX\tex/latex/environ\environ.sty
Package: environ 2014/05/04 v0.3 A new way to define environments

(C:\Users\alex7\AppData\Local\Programs\MiKTeX\tex/latex/trimspaces\trimspaces.s
ty
Package: trimspaces 2009/09/17 v1.1 Trim spaces around a token list
))
\TPTL@width=\skip74
) (C:\Users\alex7\AppData\Local\Programs\MiKTeX\tex/latex/ulem\ulem.sty
\UL@box=\box74
\UL@hyphenbox=\box75
\UL@skip=\skip75
\UL@hook=\toks37
\UL@height=\dimen196
\UL@pe=\count320
\UL@pixel=\dimen197
\ULC@box=\box76
Package: ulem 2019/11/18
\ULdepth=\dimen198
) (C:\Users\alex7\AppData\Local\Programs\MiKTeX\tex/latex/makecell\makecell.sty
Package: makecell 2009/08/03 V0.1e Managing of Tab Column Heads and Cells
\rotheadsize=\dimen199
\c@nlinenum=\count321
\TeXr@lab=\toks38
) (C:\Users\alex7\AppData\Local\Programs\MiKTeX\tex/latex/xcolor\xcolor.sty
Package: xcolor 2021/10/31 v2.13 LaTeX color extensions (UK)
(C:\Users\alex7\AppData\Local\Programs\MiKTeX\tex/latex/graphics-cfg\color.cfg
File: color.cfg 2016/01/02 v1.6 sample color configuration
)
Package xcolor Info: Driver file: pdftex.def on input line 227.
LaTeX Info: Redefining \color on input line 711.
Package xcolor Info: Model `cmy' substituted by `cmy0' on input line 1352.
Package xcolor Info: Model `hsb' substituted by `rgb' on input line 1356.
Package xcolor Info: Model `RGB' extended on input line 1368.
Package xcolor Info: Model `HTML' substituted by `rgb' on input line 1370.
Package xcolor Info: Model `Hsb' substituted by `hsb' on input line 1371.
Package xcolor Info: Model `tHsb' substituted by `hsb' on input line 1372.
Package xcolor Info: Model `HSB' substituted by `hsb' on input line 1373.
Package xcolor Info: Model `Gray' substituted by `gray' on input line 1374.
Package xcolor Info: Model `wave' substituted by `hsb' on input line 1375.
)
LaTeX Font Info:    Trying to load font information for T1+lmr on input line 10
6.
(C:\Users\alex7\AppData\Local\Programs\MiKTeX\tex/latex/lm\t1lmr.fd
File: t1lmr.fd 2009/10/30 v1.6 Font defs for Latin Modern
)
(C:\Users\alex7\AppData\Local\Programs\MiKTeX\tex/latex/l3backend\l3backend-pdf
tex.def
File: l3backend-pdftex.def 2022-02-07 L3 backend support: PDF output (pdfTeX)
\l__color_backend_stack_int=\count322
\l__pdf_internal_box=\box77
)
No file First_version_new_temp.aux.
\openout1 = `First_version_new_temp.aux'.

LaTeX Font Info:    Checking defaults for OML/cmm/m/it on input line 106.
LaTeX Font Info:    ... okay on input line 106.
LaTeX Font Info:    Checking defaults for OMS/cmsy/m/n on input line 106.
LaTeX Font Info:    ... okay on input line 106.
LaTeX Font Info:    Checking defaults for OT1/cmr/m/n on input line 106.
LaTeX Font Info:    ... okay on input line 106.
LaTeX Font Info:    Checking defaults for T1/cmr/m/n on input line 106.
LaTeX Font Info:    ... okay on input line 106.
LaTeX Font Info:    Checking defaults for TS1/cmr/m/n on input line 106.
LaTeX Font Info:    ... okay on input line 106.
LaTeX Font Info:    Checking defaults for OMX/cmex/m/n on input line 106.
LaTeX Font Info:    ... okay on input line 106.
LaTeX Font Info:    Checking defaults for U/cmr/m/n on input line 106.
LaTeX Font Info:    ... okay on input line 106.
LaTeX Font Info:    Checking defaults for PD1/pdf/m/n on input line 106.
LaTeX Font Info:    ... okay on input line 106.
LaTeX Font Info:    Checking defaults for PU/pdf/m/n on input line 106.
LaTeX Font Info:    ... okay on input line 106.

(C:\Users\alex7\AppData\Local\Programs\MiKTeX\tex/context/base/mkii\supp-pdf.mk
ii
[Loading MPS to PDF converter (version 2006.09.02).]
\scratchcounter=\count323
\scratchdimen=\dimen256
\scratchbox=\box78
\nofMPsegments=\count324
\nofMParguments=\count325
\everyMPshowfont=\toks39
\MPscratchCnt=\count326
\MPscratchDim=\dimen257
\MPnumerator=\count327
\makeMPintoPDFobject=\count328
\everyMPtoPDFconversion=\toks40
)
(C:\Users\alex7\AppData\Local\Programs\MiKTeX\tex/latex/epstopdf-pkg\epstopdf-b
ase.sty
Package: epstopdf-base 2020-01-24 v2.11 Base part for package epstopdf
Package epstopdf-base Info: Redefining graphics rule for `.eps' on input line 4
85.

(C:\Users\alex7\AppData\Local\Programs\MiKTeX\tex/latex/00miktex\epstopdf-sys.c
fg
File: epstopdf-sys.cfg 2021/03/18 v2.0 Configuration of epstopdf for MiKTeX
))
LaTeX Info: Redefining \microtypecontext on input line 106.
Package microtype Info: Applying patch `item' on input line 106.
Package microtype Info: Applying patch `toc' on input line 106.
Package microtype Info: Applying patch `eqnum' on input line 106.
Package microtype Info: Applying patch `footnote' on input line 106.
Package microtype Info: Generating PDF output.
Package microtype Info: Character protrusion enabled (level 2).
Package microtype Info: Using default protrusion set `alltext'.
Package microtype Info: Automatic font expansion enabled (level 2),
(microtype)             stretch: 20, shrink: 20, step: 1, non-selected.
Package microtype Info: Using default expansion set `alltext-nott'.
LaTeX Info: Redefining \showhyphens on input line 106.
Package microtype Info: No adjustment of tracking.
Package microtype Info: No adjustment of interword spacing.
Package microtype Info: No adjustment of character kerning.
(C:\Users\alex7\AppData\Local\Programs\MiKTeX\tex/latex/microtype\mt-cmr.cfg
File: mt-cmr.cfg 2013/05/19 v2.2 microtype config. file: Computer Modern Roman 
(RS)
)
Package hyperref Info: Link coloring OFF on input line 106.
(C:\Users\alex7\AppData\Local\Programs\MiKTeX\tex/latex/hyperref\nameref.sty
Package: nameref 2021-04-02 v2.47 Cross-referencing by name of section
(C:\Users\alex7\AppData\Local\Programs\MiKTeX\tex/latex/refcount\refcount.sty
Package: refcount 2019/12/15 v3.6 Data extraction from label references (HO)
)
(C:\Users\alex7\AppData\Local\Programs\MiKTeX\tex/generic/gettitlestring\gettit
lestring.sty
Package: gettitlestring 2019/12/15 v1.6 Cleanup title references (HO)
)
\c@section@level=\count329
)
LaTeX Info: Redefining \ref on input line 106.
LaTeX Info: Redefining \pageref on input line 106.
LaTeX Info: Redefining \nameref on input line 106.
\@outlinefile=\write4
\openout4 = `First_version_new_temp.out'.

LaTeX Font Info:    Trying to load font information for OT1+lmr on input line 1
19.
(C:\Users\alex7\AppData\Local\Programs\MiKTeX\tex/latex/lm\ot1lmr.fd
File: ot1lmr.fd 2009/10/30 v1.6 Font defs for Latin Modern
)
LaTeX Font Info:    Trying to load font information for OML+lmm on input line 1
19.
(C:\Users\alex7\AppData\Local\Programs\MiKTeX\tex/latex/lm\omllmm.fd
File: omllmm.fd 2009/10/30 v1.6 Font defs for Latin Modern
)
LaTeX Font Info:    Trying to load font information for OMS+lmsy on input line 
119.
(C:\Users\alex7\AppData\Local\Programs\MiKTeX\tex/latex/lm\omslmsy.fd
File: omslmsy.fd 2009/10/30 v1.6 Font defs for Latin Modern
)
LaTeX Font Info:    Trying to load font information for OMX+lmex on input line 
119.
(C:\Users\alex7\AppData\Local\Programs\MiKTeX\tex/latex/lm\omxlmex.fd
File: omxlmex.fd 2009/10/30 v1.6 Font defs for Latin Modern
)
LaTeX Font Info:    External font `lmex10' loaded for size
(Font)              <8> on input line 119.
LaTeX Font Info:    External font `lmex10' loaded for size
(Font)              <6> on input line 119.
LaTeX Font Info:    External font `lmex10' loaded for size
(Font)              <5> on input line 119.
LaTeX Font Info:    Trying to load font information for U+msa on input line 119
.
(C:\Users\alex7\AppData\Local\Programs\MiKTeX\tex/latex/amsfonts\umsa.fd
File: umsa.fd 2013/01/14 v3.01 AMS symbols A
) (C:\Users\alex7\AppData\Local\Programs\MiKTeX\tex/latex/microtype\mt-msa.cfg
File: mt-msa.cfg 2006/02/04 v1.1 microtype config. file: AMS symbols (a) (RS)
)
LaTeX Font Info:    Trying to load font information for U+msb on input line 119
.
(C:\Users\alex7\AppData\Local\Programs\MiKTeX\tex/latex/amsfonts\umsb.fd
File: umsb.fd 2013/01/14 v3.01 AMS symbols B
) (C:\Users\alex7\AppData\Local\Programs\MiKTeX\tex/latex/microtype\mt-msb.cfg
File: mt-msb.cfg 2005/06/01 v1.0 microtype config. file: AMS symbols (b) (RS)
)
LaTeX Font Info:    External font `lmex10' loaded for size
(Font)              <10> on input line 122.
LaTeX Font Info:    External font `lmex10' loaded for size
(Font)              <7> on input line 122.

Package natbib Warning: Citation `portes1987' on page 1 undefined on input line
 128.


Package natbib Warning: Citation `fourcade2006' on page 1 undefined on input li
ne 139.


Package natbib Warning: Citation `fourcade2009' on page 1 undefined on input li
ne 139.


Package natbib Warning: Citation `coats1996' on page 1 undefined on input line 
141.


Package natbib Warning: Citation `goutsmedt2021' on page 1 undefined on input l
ine 141.


Package natbib Warning: Citation `sandelin1997' on page 1 undefined on input li
ne 144.


Package natbib Warning: Citation `goutsmedt2021' on page 1 undefined on input l
ine 147.


Package natbib Warning: Citation `morgan1998' on page 1 undefined on input line
 150.


Package natbib Warning: Citation `fourcade2006' on page 1 undefined on input li
ne 160.

[1


{C:/Users/alex7/AppData/Local/MiKTeX/fonts/map/pdftex/pdftex.map}]

Package natbib Warning: Citation `portes1987' on page 2 undefined on input line
 175.


Package natbib Warning: Citation `goutsmedt2021' on page 2 undefined on input l
ine 180.


LaTeX Warning: Reference `EER-creation' on page 2 undefined on input line 190.


LaTeX Warning: Reference `european-specialities' on page 2 undefined on input l
ine 198.


LaTeX Warning: Reference `methods' on page 2 undefined on input line 205.


Package natbib Warning: Citation `maes2005' on page 2 undefined on input line 2
12.


Package natbib Warning: Citation `benest2019' on page 2 undefined on input line
 212.


LaTeX Warning: Reference `fig:plot-jel' on page 2 undefined on input line 232.


LaTeX Warning: Reference `rising-journal' on page 2 undefined on input line 235
.


LaTeX Warning: Reference `methods' on page 2 undefined on input line 237.

[2]
<G:/.shortcut-targets-by-id/1EHqA0pp2uozTykWv0_Stf5xyrvo_dkN5/data/EER/pictures
/Graphs/mean_jel.png, id=34, 995.6397pt x 569.0058pt>
File: G:/.shortcut-targets-by-id/1EHqA0pp2uozTykWv0_Stf5xyrvo_dkN5/data/EER/pic
tures/Graphs/mean_jel.png Graphic file (type png)
<use G:/.shortcut-targets-by-id/1EHqA0pp2uozTykWv0_Stf5xyrvo_dkN5/data/EER/pict
ures/Graphs/mean_jel.png>
Package pdftex.def Info: G:/.shortcut-targets-by-id/1EHqA0pp2uozTykWv0_Stf5xyrv
o_dkN5/data/EER/pictures/Graphs/mean_jel.png  used on input line 243.
(pdftex.def)             Requested size: 345.0pt x 197.16676pt.

Package natbib Warning: Citation `waelbroeck1969' on page 3 undefined on input 
line 264.

[3
pdfTeX warning (ext4): destination with the same identifier (name{figure.1}) ha
s been already used, duplicate ignored
<argument> ...shipout:D \box_use:N \l_shipout_box 
                                                  \__shipout_drop_firstpage_...
l.271 T
       he fact that such a project was born in Belgium is not a coincidence. <G
:/.shortcut-targets-by-id/1EHqA0pp2uozTykWv0_Stf5xyrvo_dkN5/data/EER/pictures/G
raphs/mean_jel.png>]

Package natbib Warning: Citation `duppe2017' on page 4 undefined on input line 
277.


Package natbib Warning: Citation `maes2005' on page 4 undefined on input line 2
84.


Package natbib Warning: Citation `duppe2017' on page 4 undefined on input line 
284.


Package natbib Warning: Citation `maes2005' on page 4 undefined on input line 2
86.


LaTeX Warning: Reference `fig:plot-authors' on page 4 undefined on input line 2
91.


LaTeX Warning: Reference `fig:plot-boards' on page 4 undefined on input line 29
9.


Package natbib Warning: Citation `goutsmedt2021' on page 4 undefined on input l
ine 303.


LaTeX Warning: Reference `fig:plot-authors' on page 4 undefined on input line 3
23.


LaTeX Warning: Reference `fig:plot-collabs' on page 4 undefined on input line 3
27.

[4]

LaTeX Warning: Reference `fig:plot-eer-importance' on page 5 undefined on input
 line 336.

<G:/.shortcut-targets-by-id/1EHqA0pp2uozTykWv0_Stf5xyrvo_dkN5/data/EER/pictures
/Graphs/EER_Importance.png, id=58, 995.6397pt x 569.0058pt>
File: G:/.shortcut-targets-by-id/1EHqA0pp2uozTykWv0_Stf5xyrvo_dkN5/data/EER/pic
tures/Graphs/EER_Importance.png Graphic file (type png)
<use G:/.shortcut-targets-by-id/1EHqA0pp2uozTykWv0_Stf5xyrvo_dkN5/data/EER/pict
ures/Graphs/EER_Importance.png>
Package pdftex.def Info: G:/.shortcut-targets-by-id/1EHqA0pp2uozTykWv0_Stf5xyrv
o_dkN5/data/EER/pictures/Graphs/EER_Importance.png  used on input line 340.
(pdftex.def)             Requested size: 345.0pt x 197.16676pt.

Package natbib Warning: Citation `jel1991' on page 5 undefined on input line 37
2.

[5
pdfTeX warning (ext4): destination with the same identifier (name{figure.2}) ha
s been already used, duplicate ignored
<argument> ...shipout:D \box_use:N \l_shipout_box 
                                                  \__shipout_drop_firstpage_...
l.385 
       <G:/.shortcut-targets-by-id/1EHqA0pp2uozTykWv0_Stf5xyrvo_dkN5/data/EER/p
ictures/Graphs/EER_Importance.png>]

Package natbib Warning: Citation `traag2019' on page 6 undefined on input line 
400.


Package natbib Warning: Citation `claveau2016' on page 6 undefined on input lin
e 405.


Package natbib Warning: Citation `truc2021' on page 6 undefined on input line 4
05.


Package natbib Warning: Citation `goutsmedt2021' on page 6 undefined on input l
ine 405.


LaTeX Warning: Reference `fig:plot-community-diff' on page 6 undefined on input
 line 441.

[6]
<G:/.shortcut-targets-by-id/1EHqA0pp2uozTykWv0_Stf5xyrvo_dkN5/data/EER/pictures
/Graphs/Communities_europeanisation_colored.png, id=92, 995.6397pt x 569.0058pt
>
File: G:/.shortcut-targets-by-id/1EHqA0pp2uozTykWv0_Stf5xyrvo_dkN5/data/EER/pic
tures/Graphs/Communities_europeanisation_colored.png Graphic file (type png)
<use G:/.shortcut-targets-by-id/1EHqA0pp2uozTykWv0_Stf5xyrvo_dkN5/data/EER/pict
ures/Graphs/Communities_europeanisation_colored.png>
Package pdftex.def Info: G:/.shortcut-targets-by-id/1EHqA0pp2uozTykWv0_Stf5xyrv
o_dkN5/data/EER/pictures/Graphs/Communities_europeanisation_colored.png  used o
n input line 447.
(pdftex.def)             Requested size: 345.0pt x 197.16676pt.

Package natbib Warning: Citation `blei2007' on page 7 undefined on input line 4
66.


Package natbib Warning: Citation `bischof2012' on page 7 undefined on input lin
e 472.


LaTeX Warning: Reference `tab:summary-topics' on page 7 undefined on input line
 479.

[7
pdfTeX warning (ext4): destination with the same identifier (name{figure.3}) ha
s been already used, duplicate ignored
<argument> ...shipout:D \box_use:N \l_shipout_box 
                                                  \__shipout_drop_firstpage_...
l.481 
       <G:/.shortcut-targets-by-id/1EHqA0pp2uozTykWv0_Stf5xyrvo_dkN5/data/EER/p
ictures/Graphs/Communities_europeanisation_colored.png>]

LaTeX Warning: Reference `fig:plot-topic-diff' on page 8 undefined on input lin
e 491.

<G:/.shortcut-targets-by-id/1EHqA0pp2uozTykWv0_Stf5xyrvo_dkN5/data/EER/pictures
/topic_modelling/logratio_diff_plot.png, id=110, 1422.63495pt x 1138.07182pt>
File: G:/.shortcut-targets-by-id/1EHqA0pp2uozTykWv0_Stf5xyrvo_dkN5/data/EER/pic
tures/topic_modelling/logratio_diff_plot.png Graphic file (type png)
<use G:/.shortcut-targets-by-id/1EHqA0pp2uozTykWv0_Stf5xyrvo_dkN5/data/EER/pict
ures/topic_modelling/logratio_diff_plot.png>
Package pdftex.def Info: G:/.shortcut-targets-by-id/1EHqA0pp2uozTykWv0_Stf5xyrv
o_dkN5/data/EER/pictures/topic_modelling/logratio_diff_plot.png  used on input 
line 497.
(pdftex.def)             Requested size: 345.0pt x 275.99077pt.

LaTeX Warning: Reference `understanding-specialities' on page 8 undefined on in
put line 508.

[8
pdfTeX warning (ext4): destination with the same identifier (name{figure.4}) ha
s been already used, duplicate ignored
<argument> ...shipout:D \box_use:N \l_shipout_box 
                                                  \__shipout_drop_firstpage_...
l.512 
       <G:/.shortcut-targets-by-id/1EHqA0pp2uozTykWv0_Stf5xyrvo_dkN5/data/EER/p
ictures/topic_modelling/logratio_diff_plot.png>]

Package natbib Warning: Citation `friedman1957' on page 9 undefined on input li
ne 517.


Package natbib Warning: Citation `hall1978b' on page 9 undefined on input line 
517.


Package natbib Warning: Citation `diamond1965' on page 9 undefined on input lin
e 519.


Package natbib Warning: Citation `barro1974' on page 9 undefined on input line 
520.


Package natbib Warning: Citation `blanchard1985' on page 9 undefined on input l
ine 521.


LaTeX Warning: Reference `tab:summary-communities' on page 9 undefined on input
 line 527.


LaTeX Warning: Reference `understanding-specialities' on page 9 undefined on in
put line 534.


LaTeX Warning: Reference `central-banking' on page 9 undefined on input line 53
9.


LaTeX Warning: Reference `international-macro' on page 9 undefined on input lin
e 548.


Package natbib Warning: Citation `portes1987' on page 9 undefined on input line
 552.


Package natbib Warning: Citation `goutsmedt2021' on page 9 undefined on input l
ine 553.


LaTeX Warning: Reference `rigidities' on page 9 undefined on input line 556.


Package natbib Warning: Citation `pissarides1990' on page 9 undefined on input 
line 560.


Package natbib Warning: Citation `mortensen1994' on page 9 undefined on input l
ine 560.


Package natbib Warning: Citation `layard1991a' on page 9 undefined on input lin
e 560.

[9] [10] [11]
LaTeX Font Info:    External font `lmex10' loaded for size
(Font)              <9> on input line 612.
[12
pdfTeX warning (ext4): destination with the same identifier (name{table.1}) has
 been already used, duplicate ignored
<argument> ...shipout:D \box_use:N \l_shipout_box 
                                                  \__shipout_drop_firstpage_...
l.659 \newpage
              ]
Underfull \hbox (badness 10000) in paragraph at lines 682--682
[]
 []


Overfull \hbox (19.88797pt too wide) in paragraph at lines 682--682
\T1/lmr/m/n/9 (-20) Differences
 []


Underfull \hbox (badness 10000) in paragraph at lines 682--682
\T1/lmr/m/n/9 (+20) val-
 []


Underfull \hbox (badness 10000) in paragraph at lines 682--682
\T1/lmr/m/n/9 (+20) ues
 []


Underfull \hbox (badness 10000) in paragraph at lines 682--682
\T1/lmr/m/n/9 (+20) are
 []


Underfull \hbox (badness 10000) in paragraph at lines 682--682
\T1/lmr/m/n/9 (+20) the
 []


Underfull \hbox (badness 10000) in paragraph at lines 682--682
\T1/lmr/m/n/9 (+20) sum
 []


Underfull \hbox (badness 1231) in paragraph at lines 682--682
\T1/lmr/m/n/9 (+20) of (i)
 []


Underfull \hbox (badness 10000) in paragraph at lines 682--682
\T1/lmr/m/n/9 (+20) the
 []


Underfull \hbox (badness 10000) in paragraph at lines 682--682
\T1/lmr/m/n/9 (+20) dif-fer-
 []


Underfull \hbox (badness 10000) in paragraph at lines 682--682
\T1/lmr/m/n/9 (+20) ence
 []


Overfull \hbox (5.58037pt too wide) in paragraph at lines 682--682
\T1/lmr/m/n/9 (-20) gamma
 []


Underfull \hbox (badness 10000) in paragraph at lines 682--682
\T1/lmr/m/n/9 (+20) mean
 []


Underfull \hbox (badness 10000) in paragraph at lines 682--682
\T1/lmr/m/n/9 (+20) be-
 []


Underfull \hbox (badness 10000) in paragraph at lines 682--682
\T1/lmr/m/n/9 (+20) EER
 []


Underfull \hbox (badness 10000) in paragraph at lines 682--682
\T1/lmr/m/n/9 (+20) and
 []


Underfull \hbox (badness 10000) in paragraph at lines 682--682
\T1/lmr/m/n/9 (+20) Top
 []


Underfull \hbox (badness 10000) in paragraph at lines 682--682
\T1/lmr/m/n/9 (+20) the
 []


Underfull \hbox (badness 10000) in paragraph at lines 682--682
\T1/lmr/m/n/9 (+20) same
 []


Underfull \hbox (badness 10000) in paragraph at lines 682--682
\T1/lmr/m/n/9 (+20) dif-fer-
 []


Underfull \hbox (badness 10000) in paragraph at lines 682--682
\T1/lmr/m/n/9 (+20) ence
 []


Underfull \hbox (badness 10000) in paragraph at lines 682--682
\T1/lmr/m/n/9 (+20) but
 []


Underfull \hbox (badness 10000) in paragraph at lines 682--682
\T1/lmr/m/n/9 (+20) be-
 []


Overfull \hbox (16.5292pt too wide) in paragraph at lines 682--682
\T1/lmr/m/n/9 (-20) European-
 []


Underfull \hbox (badness 10000) in paragraph at lines 682--682
\T1/lmr/m/n/9 (+20) based
 []


Underfull \hbox (badness 10000) in paragraph at lines 682--682
\T1/lmr/m/n/9 (+20) and
 []


Underfull \hbox (badness 10000) in paragraph at lines 682--682
\T1/lmr/m/n/9 (+20) US-
 []


Underfull \hbox (badness 10000) in paragraph at lines 682--682
\T1/lmr/m/n/9 (+20) based
 []


Underfull \hbox (badness 10000) in paragraph at lines 682--682
\T1/lmr/m/n/9 (+20) au-
 []


Overfull \hbox (0.82571pt too wide) in alignment at lines 683--1089
 [] [] [] 
 []


Package longtable Warning: Column widths have changed
(longtable)                in table 2 on input line 1089.

[13] [14] [15]

Package natbib Warning: Citation `jel1991' on page 16 undefined on input line 1
110.


LaTeX Warning: Reference `eer-top5-macro' on page 16 undefined on input line 11
11.

LaTeX Font Info:    Trying to load font information for TS1+lmr on input line 1
149.
(C:\Users\alex7\AppData\Local\Programs\MiKTeX\tex/latex/lm\ts1lmr.fd
File: ts1lmr.fd 2009/10/30 v1.6 Font defs for Latin Modern
)

Package natbib Warning: Citation `jel1991' on page 16 undefined on input line 1
166.

[16] [17]

Package natbib Warning: Citation `shen2019' on page 18 undefined on input line 
1277.

LaTeX Font Info:    Trying to load font information for T1+lmtt on input line 1
299.
(C:\Users\alex7\AppData\Local\Programs\MiKTeX\tex/latex/lm\t1lmtt.fd
File: t1lmtt.fd 2009/10/30 v1.6 Font defs for Latin Modern
)
Package microtype Info: Loading generic protrusion settings for font family
(microtype)             `lmtt' (encoding: T1).
(microtype)             For optimal results, create family-specific settings.
(microtype)             See the microtype manual for details.

Package natbib Warning: Citation `traag2019' on page 18 undefined on input line
 1302.

[18]
Underfull \hbox (badness 10000) in paragraph at lines 1321--1328

 []


Overfull \hbox (20.86574pt too wide) in paragraph at lines 1329--1330
[]$[] \OT1/lmr/m/n/10 (-20) = []([]) \OMS/lmsy/m/n/10 ^^@
 []


Underfull \hbox (badness 10000) in paragraph at lines 1329--1330

 []


Underfull \hbox (badness 10000) in paragraph at lines 1331--1336

 []


Overfull \hbox (184.42068pt too wide) in paragraph at lines 1337--1338
[]$[] \OT1/lmr/m/n/10 (-20) = []([]) \OMS/lmsy/m/n/10 ^^@ []\OT1/lmr/m/n/10 (-2
0) ([])$ 
 []


Underfull \hbox (badness 10000) in paragraph at lines 1337--1338

 []


Underfull \hbox (badness 10000) in paragraph at lines 1339--1341

 []


Overfull \hbox (54.57907pt too wide) in paragraph at lines 1342--1343
[]$[] \OT1/lmr/m/n/10 (-20) = [] + []$ 
 []


Underfull \hbox (badness 10000) in paragraph at lines 1342--1343

 []

[19]

Package natbib Warning: Citation `blei2007' on page 20 undefined on input line 
1402.


Package natbib Warning: Citation `bischof2012' on page 20 undefined on input li
ne 1432.

No file First_version_new_temp.bbl.

Package natbib Warning: There were undefined citations.


Package longtable Warning: Table widths have changed. Rerun LaTeX.

[20] (First_version_new_temp.aux)

LaTeX Warning: There were undefined references.


LaTeX Warning: Label(s) may have changed. Rerun to get cross-references right.


Package rerunfilecheck Warning: File `First_version_new_temp.out' has changed.
(rerunfilecheck)                Rerun to get outlines right
(rerunfilecheck)                or use package `bookmark'.

Package rerunfilecheck Info: Checksums for `First_version_new_temp.out':
(rerunfilecheck)             Before: <no file>
(rerunfilecheck)             After:  547F8B6B1C7ABC71D6B654D2BF5F14E2;4150.
 ) 
Here is how much of TeX's memory you used:
 15538 strings out of 478582
 252003 string characters out of 2844344
 585100 words of memory out of 3000000
 33041 multiletter control sequences out of 15000+600000
 547577 words of font info for 206 fonts, out of 8000000 for 9000
 1141 hyphenation exceptions out of 8191
 70i,11n,76p,1021b,541s stack positions out of 10000i,1000n,20000p,200000b,80000s
{C:/Users/alex7/AppData/Local/Programs/MiKTeX/fonts/enc/dvips/lm/lm-mathsy.en
c}{C:/Users/alex7/AppData/Local/Programs/MiKTeX/fonts/enc/dvips/lm/lm-rm.enc}{C
:/Users/alex7/AppData/Local/Programs/MiKTeX/fonts/enc/dvips/lm/lm-ec.enc}{C:/Us
ers/alex7/AppData/Local/Programs/MiKTeX/fonts/enc/dvips/lm/lm-ts1.enc}<C:/Users
/alex7/AppData/Local/Programs/MiKTeX/fonts/type1/public/lm/lmbx10.pfb><C:/Users
/alex7/AppData/Local/Programs/MiKTeX/fonts/type1/public/lm/lmbx8.pfb><C:/Users/
alex7/AppData/Local/Programs/MiKTeX/fonts/type1/public/lm/lmr10.pfb><C:/Users/a
lex7/AppData/Local/Programs/MiKTeX/fonts/type1/public/lm/lmr12.pfb><C:/Users/al
ex7/AppData/Local/Programs/MiKTeX/fonts/type1/public/lm/lmr6.pfb><C:/Users/alex
7/AppData/Local/Programs/MiKTeX/fonts/type1/public/lm/lmr7.pfb><C:/Users/alex7/
AppData/Local/Programs/MiKTeX/fonts/type1/public/lm/lmr8.pfb><C:/Users/alex7/Ap
pData/Local/Programs/MiKTeX/fonts/type1/public/lm/lmr9.pfb><C:/Users/alex7/AppD
ata/Local/Programs/MiKTeX/fonts/type1/public/lm/lmri10.pfb><C:/Users/alex7/AppD
ata/Local/Programs/MiKTeX/fonts/type1/public/lm/lmri8.pfb><C:/Users/alex7/AppDa
ta/Local/Programs/MiKTeX/fonts/type1/public/lm/lmri9.pfb><C:/Users/alex7/AppDat
a/Local/Programs/MiKTeX/fonts/type1/public/lm/lmsy10.pfb><C:/Users/alex7/AppDat
a/Local/Programs/MiKTeX/fonts/type1/public/lm/lmsy6.pfb><C:/Users/alex7/AppData
/Local/Programs/MiKTeX/fonts/type1/public/lm/lmsy7.pfb><C:/Users/alex7/AppData/
Local/Programs/MiKTeX/fonts/type1/public/lm/lmtt10.pfb>
Output written on First_version_new_temp.pdf (20 pages, 2084426 bytes).
PDF statistics:
 336 PDF objects out of 1000 (max. 8388607)
 116 named destinations out of 1000 (max. 500000)
 39445 words of extra memory for PDF output out of 42996 (max. 10000000)

